[2025-03-04 01:53:51] local.INFO: {"request":{"providerCode":"BES","providerName":"Be Soft","gameCode":"be029","gameName":"Mad Bandito","position":1,"type":"slot","rtp":"97.39","imageUrl":"-","imageAlt":"Mad Bandito"},"response":"{\"success\":true,\"code\":9401,\"error\":null,\"data\":1}"}
[2025-03-04 01:53:51] local.INFO: {"request":{"providerCode":"BES","providerName":"Be Soft","gameCode":"be028","gameName":"Money Piggy","position":2,"type":"slot","rtp":"97.68","imageUrl":"-","imageAlt":"Money Piggy"},"response":"{\"success\":true,\"code\":9401,\"error\":null,\"data\":1}"}
[2025-03-04 01:53:51] local.INFO: {"request":{"providerCode":"BES","providerName":"Be Soft","gameCode":"be005","gameName":"Mahjong Wins","position":3,"type":"slot","rtp":"96.38","imageUrl":"-","imageAlt":"Mahjong Wins"},"response":"{\"success\":true,\"code\":9401,\"error\":null,\"data\":1}"}
[2025-03-04 01:53:51] local.INFO: {"request":{"providerCode":"BES","providerName":"Be Soft","gameCode":"be007","gameName":"XiangQi Ways","position":4,"type":"slot","rtp":"96.5","imageUrl":"-","imageAlt":"XiangQi Ways"},"response":"{\"success\":true,\"code\":9401,\"error\":null,\"data\":1}"}
[2025-03-04 01:53:51] local.INFO: {"request":{"providerCode":"BES","providerName":"Be Soft","gameCode":"be011","gameName":"Golden Gunslinger","position":5,"type":"slot","rtp":"96.31","imageUrl":"-","imageAlt":"Golden Gunslinger"},"response":"{\"success\":true,\"code\":9401,\"error\":null,\"data\":1}"}
[2025-03-04 01:53:52] local.INFO: {"request":{"providerCode":"BES","providerName":"Be Soft","gameCode":"be023","gameName":"Epic of Thor","position":6,"type":"slot","rtp":"96.55","imageUrl":"-","imageAlt":"Epic of Thor"},"response":"{\"success\":true,\"code\":9401,\"error\":null,\"data\":1}"}
[2025-03-04 01:53:52] local.INFO: {"request":{"providerCode":"BES","providerName":"Be Soft","gameCode":"be022","gameName":"DJ Party","position":7,"type":"slot","rtp":"96.44","imageUrl":"-","imageAlt":"DJ Party"},"response":"{\"success\":true,\"code\":9401,\"error\":null,\"data\":1}"}
[2025-03-04 01:53:52] local.INFO: {"request":{"providerCode":"BES","providerName":"Be Soft","gameCode":"be020","gameName":"Bikini Beach","position":8,"type":"slot","rtp":"96.5","imageUrl":"-","imageAlt":"Bikini Beach"},"response":"{\"success\":true,\"code\":9401,\"error\":null,\"data\":1}"}
[2025-03-04 01:53:52] local.INFO: {"request":{"providerCode":"BES","providerName":"Be Soft","gameCode":"be006","gameName":"Poker Ways","position":9,"type":"slot","rtp":"96.5","imageUrl":"-","imageAlt":"Poker Ways"},"response":"{\"success\":true,\"code\":9401,\"error\":null,\"data\":1}"}
[2025-03-04 01:53:52] local.INFO: {"request":{"providerCode":"BES","providerName":"Be Soft","gameCode":"be002","gameName":"Jackpot Cow","position":10,"type":"slot","rtp":"96.5","imageUrl":"-","imageAlt":"Jackpot Cow"},"response":"{\"success\":true,\"code\":9401,\"error\":null,\"data\":1}"}
[2025-03-04 01:53:54] local.INFO: {"request":{"providerCode":"BES","providerName":"Be Soft","gameCode":"be001","gameName":"Duo Cai Duo Fu","position":11,"type":"slot","rtp":"97","imageUrl":"-","imageAlt":"Duo Cai Duo Fu"},"response":"{\"success\":true,\"code\":9401,\"error\":null,\"data\":1}"}
[2025-03-04 01:53:54] local.INFO: {"request":{"providerCode":"BES","providerName":"Be Soft","gameCode":"be014","gameName":"Candy Frenzy","position":12,"type":"slot","rtp":"96.5","imageUrl":"-","imageAlt":"Candy Frenzy"},"response":"{\"success\":true,\"code\":9401,\"error\":null,\"data\":1}"}
[2025-03-04 01:53:55] local.INFO: {"request":{"providerCode":"BES","providerName":"Be Soft","gameCode":"be027","gameName":"Domino Ways","position":13,"type":"slot","rtp":"97.28","imageUrl":"-","imageAlt":"Domino Ways"},"response":"{\"success\":true,\"code\":9401,\"error\":null,\"data\":1}"}
[2025-03-04 01:53:55] local.INFO: {"request":{"providerCode":"BES","providerName":"Be Soft","gameCode":"be026","gameName":"Treasures of Maya","position":14,"type":"slot","rtp":"97.33","imageUrl":"-","imageAlt":"Treasures of Maya"},"response":"{\"success\":true,\"code\":9401,\"error\":null,\"data\":1}"}
[2025-03-04 01:53:55] local.INFO: {"request":{"providerCode":"BES","providerName":"Be Soft","gameCode":"be025","gameName":"Wild Snake","position":15,"type":"slot","rtp":"96.5","imageUrl":"-","imageAlt":"Wild Snake"},"response":"{\"success\":true,\"code\":9401,\"error\":null,\"data\":1}"}
[2025-03-04 01:53:55] local.INFO: {"request":{"providerCode":"BES","providerName":"Be Soft","gameCode":"be024","gameName":"Leprechaun Fortune","position":16,"type":"slot","rtp":"97.44","imageUrl":"-","imageAlt":"Leprechaun Fortune"},"response":"{\"success\":true,\"code\":9401,\"error\":null,\"data\":1}"}
[2025-03-04 01:53:55] local.INFO: {"request":{"providerCode":"BES","providerName":"Be Soft","gameCode":"be021","gameName":"Butterfly Rose","position":17,"type":"slot","rtp":"96.5","imageUrl":"-","imageAlt":"Butterfly Rose"},"response":"{\"success\":true,\"code\":9401,\"error\":null,\"data\":1}"}
[2025-03-04 01:53:55] local.INFO: {"request":{"providerCode":"BES","providerName":"Be Soft","gameCode":"be019","gameName":"Sweet Crush Xmas","position":18,"type":"slot","rtp":"96.5","imageUrl":"-","imageAlt":"Sweet Crush Xmas"},"response":"{\"success\":true,\"code\":9401,\"error\":null,\"data\":1}"}
[2025-03-04 01:53:55] local.INFO: {"request":{"providerCode":"BES","providerName":"Be Soft","gameCode":"be018","gameName":"Lucky Tiger","position":19,"type":"slot","rtp":"96.5","imageUrl":"-","imageAlt":"Lucky Tiger"},"response":"{\"success\":true,\"code\":9401,\"error\":null,\"data\":1}"}
[2025-03-04 01:53:55] local.INFO: {"request":{"providerCode":"BES","providerName":"Be Soft","gameCode":"be017","gameName":"Wild Wild Fruits","position":20,"type":"slot","rtp":"97.5","imageUrl":"-","imageAlt":"Wild Wild Fruits"},"response":"{\"success\":true,\"code\":9401,\"error\":null,\"data\":1}"}
[2025-03-04 01:53:56] local.INFO: {"request":{"providerCode":"BES","providerName":"Be Soft","gameCode":"be016","gameName":"Master Gemsword","position":21,"type":"slot","rtp":"96.05","imageUrl":"-","imageAlt":"Master Gemsword"},"response":"{\"success\":true,\"code\":9401,\"error\":null,\"data\":1}"}
[2025-03-04 01:53:56] local.INFO: {"request":{"providerCode":"BES","providerName":"Be Soft","gameCode":"be015","gameName":"Tokyo Neko","position":22,"type":"slot","rtp":"96.4","imageUrl":"-","imageAlt":"Tokyo Neko"},"response":"{\"success\":true,\"code\":9401,\"error\":null,\"data\":1}"}
[2025-03-04 01:53:56] local.INFO: {"request":{"providerCode":"BES","providerName":"Be Soft","gameCode":"be013","gameName":"Tasty Crush","position":23,"type":"slot","rtp":"97","imageUrl":"-","imageAlt":"Tasty Crush"},"response":"{\"success\":true,\"code\":9401,\"error\":null,\"data\":1}"}
[2025-03-04 01:53:56] local.INFO: {"request":{"providerCode":"BES","providerName":"Be Soft","gameCode":"be010","gameName":"Pharaoh Treasures","position":24,"type":"slot","rtp":"97","imageUrl":"-","imageAlt":"Pharaoh Treasures"},"response":"{\"success\":true,\"code\":9401,\"error\":null,\"data\":1}"}
[2025-03-04 01:53:56] local.INFO: {"request":{"providerCode":"BES","providerName":"Be Soft","gameCode":"be009","gameName":"Starry Princess","position":25,"type":"slot","rtp":"96.5","imageUrl":"-","imageAlt":"Starry Princess"},"response":"{\"success\":true,\"code\":9401,\"error\":null,\"data\":1}"}
[2025-03-04 01:53:56] local.INFO: {"request":{"providerCode":"BES","providerName":"Be Soft","gameCode":"be008","gameName":"Ganesha Wealth","position":26,"type":"slot","rtp":"96.5","imageUrl":"-","imageAlt":"Ganesha Wealth"},"response":"{\"success\":true,\"code\":9401,\"error\":null,\"data\":1}"}
[2025-03-04 01:53:57] local.INFO: {"request":{"providerCode":"BES","providerName":"Be Soft","gameCode":"be003","gameName":"Flower of Magic","position":27,"type":"slot","rtp":"96.5","imageUrl":"-","imageAlt":"Flower of Magic"},"response":"{\"success\":true,\"code\":9401,\"error\":null,\"data\":1}"}
[2025-03-04 01:53:57] local.INFO: {"request":{"providerCode":"BES","providerName":"Be Soft","gameCode":"afa001","gameName":"Gem of Olympus","position":28,"type":"slot","rtp":"96.5","imageUrl":"-","imageAlt":"Gem of Olympus"},"response":"{\"success\":true,\"code\":9401,\"error\":null,\"data\":1}"}
[2025-03-04 01:53:57] local.INFO: {"request":{"providerCode":"BES","providerName":"Be Soft","gameCode":"afa003","gameName":"Gift of Princess","position":29,"type":"slot","rtp":"96.5","imageUrl":"-","imageAlt":"Gift of Princess"},"response":"{\"success\":true,\"code\":9401,\"error\":null,\"data\":1}"}
[2025-03-04 01:53:58] local.INFO: {"request":{"providerCode":"BES","providerName":"Be Soft","gameCode":"afa004","gameName":"Dragon Stash","position":30,"type":"slot","rtp":"97","imageUrl":"-","imageAlt":"Dragon Stash"},"response":"{\"success\":true,\"code\":9401,\"error\":null,\"data\":1}"}
[2025-03-04 01:53:58] local.INFO: {"request":{"providerCode":"BES","providerName":"Be Soft","gameCode":"afa005","gameName":"Sugar Bonanza","position":31,"type":"slot","rtp":"97","imageUrl":"-","imageAlt":"Sugar Bonanza"},"response":"{\"success\":true,\"code\":9401,\"error\":null,\"data\":1}"}
[2025-03-04 01:53:58] local.INFO: {"request":{"providerCode":"BES","providerName":"Be Soft","gameCode":"afa007","gameName":"The Dog Team","position":32,"type":"slot","rtp":"96.59","imageUrl":"-","imageAlt":"The Dog Team"},"response":"{\"success\":true,\"code\":9401,\"error\":null,\"data\":1}"}
[2025-03-04 01:53:58] local.INFO: {"request":{"providerCode":"BES","providerName":"Be Soft","gameCode":"afa009","gameName":"5 Kirin","position":33,"type":"slot","rtp":"96.5","imageUrl":"-","imageAlt":"5 Kirin"},"response":"{\"success\":true,\"code\":9401,\"error\":null,\"data\":1}"}
[2025-03-04 01:53:58] local.INFO: {"request":{"providerCode":"BES","providerName":"Be Soft","gameCode":"afa011","gameName":"5 Bunny","position":34,"type":"slot","rtp":"97","imageUrl":"-","imageAlt":"5 Bunny"},"response":"{\"success\":true,\"code\":9401,\"error\":null,\"data\":1}"}
[2025-03-04 01:53:58] local.INFO: {"request":{"providerCode":"BES","providerName":"Be Soft","gameCode":"afa012","gameName":"Book of 88","position":35,"type":"slot","rtp":"96.5","imageUrl":"-","imageAlt":"Book of 88"},"response":"{\"success\":true,\"code\":9401,\"error\":null,\"data\":1}"}
[2025-03-04 01:53:59] local.INFO: {"request":{"providerCode":"BES","providerName":"Be Soft","gameCode":"afa013","gameName":"Double Wolf Fortune","position":36,"type":"slot","rtp":"97.1","imageUrl":"-","imageAlt":"Double Wolf Fortune"},"response":"{\"success\":true,\"code\":9401,\"error\":null,\"data\":1}"}
[2025-03-04 01:53:59] local.INFO: {"request":{"providerCode":"BES","providerName":"Be Soft","gameCode":"afa014","gameName":"Eyes Bonanza","position":37,"type":"slot","rtp":"96.49","imageUrl":"-","imageAlt":"Eyes Bonanza"},"response":"{\"success\":true,\"code\":9401,\"error\":null,\"data\":1}"}
[2025-03-04 01:53:59] local.INFO: {"request":{"providerCode":"BES","providerName":"Be Soft","gameCode":"afa016","gameName":"Kaboom Bonanza","position":38,"type":"slot","rtp":"96.5","imageUrl":"-","imageAlt":"Kaboom Bonanza"},"response":"{\"success\":true,\"code\":9401,\"error\":null,\"data\":1}"}
[2025-03-04 01:53:59] local.INFO: {"request":{"providerCode":"BES","providerName":"Be Soft","gameCode":"afa019","gameName":"Pyramid Money","position":39,"type":"slot","rtp":"97","imageUrl":"-","imageAlt":"Pyramid Money"},"response":"{\"success\":true,\"code\":9401,\"error\":null,\"data\":1}"}
[2025-03-04 01:53:59] local.INFO: {"request":{"providerCode":"BES","providerName":"Be Soft","gameCode":"afa021","gameName":"Sugar Crush","position":40,"type":"slot","rtp":"96.5","imageUrl":"-","imageAlt":"Sugar Crush"},"response":"{\"success\":true,\"code\":9401,\"error\":null,\"data\":1}"}
[2025-03-04 01:53:59] local.INFO: {"request":{"providerCode":"BES","providerName":"Be Soft","gameCode":"afa022","gameName":"Sugar Crush Xmas","position":41,"type":"slot","rtp":"96.5","imageUrl":"-","imageAlt":"Sugar Crush Xmas"},"response":"{\"success\":true,\"code\":9401,\"error\":null,\"data\":1}"}
[2025-03-04 01:53:59] local.INFO: {"request":{"providerCode":"BES","providerName":"Be Soft","gameCode":"afa028","gameName":"Wild West Gift","position":42,"type":"slot","rtp":"96.31","imageUrl":"-","imageAlt":"Wild West Gift"},"response":"{\"success\":true,\"code\":9401,\"error\":null,\"data\":1}"}
