[2025-04-22 00:01:18] local.INFO: {"request":{"providerCode":"YGR","providerName":"YGR","gameCode":"101","gameName":"Loong Fa Le","position":1,"type":"slot","rtp":"97","imageUrl":"-","imageAlt":"Loong Fa Le"},"response":"{\"success\":true,\"code\":9401,\"error\":null,\"data\":1}"}
[2025-04-22 00:01:19] local.INFO: {"request":{"providerCode":"YGR","providerName":"YGR","gameCode":"100","gameName":"Captain Whale","position":2,"type":"slot","rtp":"97","imageUrl":"-","imageAlt":"Captain Whale"},"response":"{\"success\":true,\"code\":9401,\"error\":null,\"data\":1}"}
[2025-04-22 00:01:19] local.INFO: {"request":{"providerCode":"YGR","providerName":"YGR","gameCode":"099","gameName":"Magic Treasure","position":3,"type":"slot","rtp":"97","imageUrl":"-","imageAlt":"Magic Treasure"},"response":"{\"success\":true,\"code\":9401,\"error\":null,\"data\":1}"}
[2025-04-22 00:01:19] local.INFO: {"request":{"providerCode":"YGR","providerName":"YGR","gameCode":"098","gameName":"Dinosaur Egg 2","position":4,"type":"slot","rtp":"97","imageUrl":"-","imageAlt":"Dinosaur Egg 2"},"response":"{\"success\":true,\"code\":9401,\"error\":null,\"data\":1}"}
[2025-04-22 00:01:19] local.INFO: {"request":{"providerCode":"YGR","providerName":"YGR","gameCode":"097","gameName":"Maya Golden City6","position":5,"type":"slot","rtp":"97","imageUrl":"-","imageAlt":"Maya Golden City6"},"response":"{\"success\":true,\"code\":9401,\"error\":null,\"data\":1}"}
[2025-04-22 00:01:19] local.INFO: {"request":{"providerCode":"YGR","providerName":"YGR","gameCode":"096","gameName":"GOLDEN PHARAOH","position":6,"type":"slot","rtp":"97","imageUrl":"-","imageAlt":"GOLDEN PHARAOH"},"response":"{\"success\":true,\"code\":9401,\"error\":null,\"data\":1}"}
[2025-04-22 00:01:19] local.INFO: {"request":{"providerCode":"YGR","providerName":"YGR","gameCode":"095","gameName":"Cash Maker 2","position":7,"type":"slot","rtp":"97","imageUrl":"-","imageAlt":"Cash Maker 2"},"response":"{\"success\":true,\"code\":9401,\"error\":null,\"data\":1}"}
[2025-04-22 00:01:20] local.INFO: {"request":{"providerCode":"YGR","providerName":"YGR","gameCode":"094","gameName":"GOLDEN KINGDOM","position":8,"type":"slot","rtp":"97","imageUrl":"-","imageAlt":"GOLDEN KINGDOM"},"response":"{\"success\":true,\"code\":9401,\"error\":null,\"data\":1}"}
[2025-04-22 00:01:20] local.INFO: {"request":{"providerCode":"YGR","providerName":"YGR","gameCode":"093","gameName":"Lucky Star2","position":9,"type":"slot","rtp":"97","imageUrl":"-","imageAlt":"Lucky Star2"},"response":"{\"success\":true,\"code\":9401,\"error\":null,\"data\":1}"}
[2025-04-22 00:01:20] local.INFO: {"request":{"providerCode":"YGR","providerName":"YGR","gameCode":"092","gameName":"Greek Mythology","position":10,"type":"slot","rtp":"97","imageUrl":"-","imageAlt":"Greek Mythology"},"response":"{\"success\":true,\"code\":9401,\"error\":null,\"data\":1}"}
[2025-04-22 00:01:20] local.INFO: {"request":{"providerCode":"YGR","providerName":"YGR","gameCode":"091","gameName":"R One","position":11,"type":"slot","rtp":"97","imageUrl":"-","imageAlt":"R One"},"response":"{\"success\":true,\"code\":9401,\"error\":null,\"data\":1}"}
[2025-04-22 00:01:20] local.INFO: {"request":{"providerCode":"YGR","providerName":"YGR","gameCode":"090","gameName":"Maya Golden City5","position":12,"type":"slot","rtp":"97","imageUrl":"-","imageAlt":"Maya Golden City5"},"response":"{\"success\":true,\"code\":9401,\"error\":null,\"data\":1}"}
[2025-04-22 00:01:20] local.INFO: {"request":{"providerCode":"YGR","providerName":"YGR","gameCode":"089","gameName":"Lucky Fortune God","position":13,"type":"slot","rtp":"97","imageUrl":"-","imageAlt":"Lucky Fortune God"},"response":"{\"success\":true,\"code\":9401,\"error\":null,\"data\":1}"}
[2025-04-22 00:01:21] local.INFO: {"request":{"providerCode":"YGR","providerName":"YGR","gameCode":"088","gameName":"Fortune Rolling","position":14,"type":"slot","rtp":"97","imageUrl":"-","imageAlt":"Fortune Rolling"},"response":"{\"success\":true,\"code\":9401,\"error\":null,\"data\":1}"}
[2025-04-22 00:01:21] local.INFO: {"request":{"providerCode":"YGR","providerName":"YGR","gameCode":"087","gameName":"GO NEKO","position":15,"type":"slot","rtp":"97","imageUrl":"-","imageAlt":"GO NEKO"},"response":"{\"success\":true,\"code\":9401,\"error\":null,\"data\":1}"}
[2025-04-22 00:01:21] local.INFO: {"request":{"providerCode":"YGR","providerName":"YGR","gameCode":"086","gameName":"Wealth Potion","position":16,"type":"slot","rtp":"97","imageUrl":"-","imageAlt":"Wealth Potion"},"response":"{\"success\":true,\"code\":9401,\"error\":null,\"data\":1}"}
[2025-04-22 00:01:21] local.INFO: {"request":{"providerCode":"YGR","providerName":"YGR","gameCode":"085","gameName":"R!CH","position":17,"type":"slot","rtp":"97","imageUrl":"-","imageAlt":"R!CH"},"response":"{\"success\":true,\"code\":9401,\"error\":null,\"data\":1}"}
[2025-04-22 00:01:21] local.INFO: {"request":{"providerCode":"YGR","providerName":"YGR","gameCode":"084","gameName":"Maya Golden City4","position":18,"type":"slot","rtp":"97","imageUrl":"-","imageAlt":"Maya Golden City4"},"response":"{\"success\":true,\"code\":9401,\"error\":null,\"data\":1}"}
[2025-04-22 00:01:21] local.INFO: {"request":{"providerCode":"YGR","providerName":"YGR","gameCode":"083","gameName":"ROMA GEMS","position":19,"type":"slot","rtp":"97","imageUrl":"-","imageAlt":"ROMA GEMS"},"response":"{\"success\":true,\"code\":9401,\"error\":null,\"data\":1}"}
[2025-04-22 00:01:22] local.INFO: {"request":{"providerCode":"YGR","providerName":"YGR","gameCode":"082","gameName":"CASH RICH","position":20,"type":"slot","rtp":"97","imageUrl":"-","imageAlt":"CASH RICH"},"response":"{\"success\":true,\"code\":9401,\"error\":null,\"data\":1}"}
[2025-04-22 00:01:22] local.INFO: {"request":{"providerCode":"YGR","providerName":"YGR","gameCode":"081","gameName":"Bison Gallop","position":21,"type":"slot","rtp":"97","imageUrl":"-","imageAlt":"Bison Gallop"},"response":"{\"success\":true,\"code\":9401,\"error\":null,\"data\":1}"}
[2025-04-22 00:01:22] local.INFO: {"request":{"providerCode":"YGR","providerName":"YGR","gameCode":"080","gameName":"FRENZY MONEY","position":22,"type":"slot","rtp":"97","imageUrl":"-","imageAlt":"FRENZY MONEY"},"response":"{\"success\":true,\"code\":9401,\"error\":null,\"data\":1}"}
[2025-04-22 00:01:22] local.INFO: {"request":{"providerCode":"YGR","providerName":"YGR","gameCode":"079","gameName":"Legendary Shaman","position":23,"type":"slot","rtp":"97","imageUrl":"-","imageAlt":"Legendary Shaman"},"response":"{\"success\":true,\"code\":9401,\"error\":null,\"data\":1}"}
[2025-04-22 00:01:22] local.INFO: {"request":{"providerCode":"YGR","providerName":"YGR","gameCode":"078","gameName":"Super Neko","position":24,"type":"slot","rtp":"97","imageUrl":"-","imageAlt":"Super Neko"},"response":"{\"success\":true,\"code\":9401,\"error\":null,\"data\":1}"}
[2025-04-22 00:01:22] local.INFO: {"request":{"providerCode":"YGR","providerName":"YGR","gameCode":"077","gameName":"Cash Maker","position":25,"type":"slot","rtp":"97","imageUrl":"-","imageAlt":"Cash Maker"},"response":"{\"success\":true,\"code\":9401,\"error\":null,\"data\":1}"}
[2025-04-22 00:01:23] local.INFO: {"request":{"providerCode":"YGR","providerName":"YGR","gameCode":"076","gameName":"Golden Bay Sands","position":26,"type":"slot","rtp":"97","imageUrl":"-","imageAlt":"Golden Bay Sands"},"response":"{\"success\":true,\"code\":9401,\"error\":null,\"data\":1}"}
[2025-04-22 00:01:23] local.INFO: {"request":{"providerCode":"YGR","providerName":"YGR","gameCode":"075","gameName":"Maya Golden City3","position":27,"type":"slot","rtp":"97","imageUrl":"-","imageAlt":"Maya Golden City3"},"response":"{\"success\":true,\"code\":9401,\"error\":null,\"data\":1}"}
[2025-04-22 00:01:23] local.INFO: {"request":{"providerCode":"YGR","providerName":"YGR","gameCode":"074","gameName":"Bounty Pirate","position":28,"type":"slot","rtp":"97","imageUrl":"-","imageAlt":"Bounty Pirate"},"response":"{\"success\":true,\"code\":9401,\"error\":null,\"data\":1}"}
[2025-04-22 00:01:23] local.INFO: {"request":{"providerCode":"YGR","providerName":"YGR","gameCode":"073","gameName":"Neon Night","position":29,"type":"slot","rtp":"97","imageUrl":"-","imageAlt":"Neon Night"},"response":"{\"success\":true,\"code\":9401,\"error\":null,\"data\":1}"}
[2025-04-22 00:01:23] local.INFO: {"request":{"providerCode":"YGR","providerName":"YGR","gameCode":"072","gameName":"Temple Adventure","position":30,"type":"slot","rtp":"97","imageUrl":"-","imageAlt":"Temple Adventure"},"response":"{\"success\":true,\"code\":9401,\"error\":null,\"data\":1}"}
[2025-04-22 00:01:23] local.INFO: {"request":{"providerCode":"YGR","providerName":"YGR","gameCode":"071","gameName":"Maya Golden City2","position":31,"type":"slot","rtp":"97","imageUrl":"-","imageAlt":"Maya Golden City2"},"response":"{\"success\":true,\"code\":9401,\"error\":null,\"data\":1}"}
[2025-04-22 00:01:24] local.INFO: {"request":{"providerCode":"YGR","providerName":"YGR","gameCode":"069","gameName":"Barista BONANZA","position":32,"type":"slot","rtp":"97","imageUrl":"-","imageAlt":"Barista BONANZA"},"response":"{\"success\":true,\"code\":9401,\"error\":null,\"data\":1}"}
[2025-04-22 00:01:24] local.INFO: {"request":{"providerCode":"YGR","providerName":"YGR","gameCode":"067","gameName":"Night of Millionaire","position":33,"type":"slot","rtp":"97","imageUrl":"-","imageAlt":"Night of Millionaire"},"response":"{\"success\":true,\"code\":9401,\"error\":null,\"data\":1}"}
[2025-04-22 00:01:24] local.INFO: {"request":{"providerCode":"YGR","providerName":"YGR","gameCode":"066","gameName":"Chain Spin","position":34,"type":"slot","rtp":"97","imageUrl":"-","imageAlt":"Chain Spin"},"response":"{\"success\":true,\"code\":9401,\"error\":null,\"data\":1}"}
[2025-04-22 00:01:24] local.INFO: {"request":{"providerCode":"YGR","providerName":"YGR","gameCode":"065","gameName":"MonteZuma's Treasure","position":35,"type":"slot","rtp":"97","imageUrl":"-","imageAlt":"MonteZuma's Treasure"},"response":"{\"success\":true,\"code\":9401,\"error\":null,\"data\":1}"}
[2025-04-22 00:01:24] local.INFO: {"request":{"providerCode":"YGR","providerName":"YGR","gameCode":"064","gameName":"Fruit & BAR","position":36,"type":"slot","rtp":"97","imageUrl":"-","imageAlt":"Fruit & BAR"},"response":"{\"success\":true,\"code\":9401,\"error\":null,\"data\":1}"}
[2025-04-22 00:01:24] local.INFO: {"request":{"providerCode":"YGR","providerName":"YGR","gameCode":"063","gameName":"MahJong God","position":37,"type":"slot","rtp":"97","imageUrl":"-","imageAlt":"MahJong God"},"response":"{\"success\":true,\"code\":9401,\"error\":null,\"data\":1}"}
[2025-04-22 00:01:25] local.INFO: {"request":{"providerCode":"YGR","providerName":"YGR","gameCode":"062","gameName":"Maya Golden City","position":38,"type":"slot","rtp":"97","imageUrl":"-","imageAlt":"Maya Golden City"},"response":"{\"success\":true,\"code\":9401,\"error\":null,\"data\":1}"}
[2025-04-22 00:01:25] local.INFO: {"request":{"providerCode":"YGR","providerName":"YGR","gameCode":"059","gameName":"Cone BONANZA","position":39,"type":"slot","rtp":"97","imageUrl":"-","imageAlt":"Cone BONANZA"},"response":"{\"success\":true,\"code\":9401,\"error\":null,\"data\":1}"}
[2025-04-22 00:01:25] local.INFO: {"request":{"providerCode":"YGR","providerName":"YGR","gameCode":"058","gameName":"Fu Lu Shou","position":40,"type":"slot","rtp":"97","imageUrl":"-","imageAlt":"Fu Lu Shou"},"response":"{\"success\":true,\"code\":9401,\"error\":null,\"data\":1}"}
[2025-04-22 00:01:25] local.INFO: {"request":{"providerCode":"YGR","providerName":"YGR","gameCode":"057","gameName":"Fish Prawn Crab","position":41,"type":"slot","rtp":"97","imageUrl":"-","imageAlt":"Fish Prawn Crab"},"response":"{\"success\":true,\"code\":9401,\"error\":null,\"data\":1}"}
[2025-04-22 00:01:25] local.INFO: {"request":{"providerCode":"YGR","providerName":"YGR","gameCode":"056","gameName":"Treasure of Dragon","position":42,"type":"slot","rtp":"97","imageUrl":"-","imageAlt":"Treasure of Dragon"},"response":"{\"success\":true,\"code\":9401,\"error\":null,\"data\":1}"}
[2025-04-22 00:01:25] local.INFO: {"request":{"providerCode":"YGR","providerName":"YGR","gameCode":"055","gameName":"Lucky Doll","position":43,"type":"slot","rtp":"97","imageUrl":"-","imageAlt":"Lucky Doll"},"response":"{\"success\":true,\"code\":9401,\"error\":null,\"data\":1}"}
[2025-04-22 00:01:26] local.INFO: {"request":{"providerCode":"YGR","providerName":"YGR","gameCode":"054","gameName":"Dog's Vacation","position":44,"type":"slot","rtp":"97","imageUrl":"-","imageAlt":"Dog's Vacation"},"response":"{\"success\":true,\"code\":9401,\"error\":null,\"data\":1}"}
[2025-04-22 00:01:26] local.INFO: {"request":{"providerCode":"YGR","providerName":"YGR","gameCode":"053","gameName":"Puffy Paradise","position":45,"type":"slot","rtp":"97","imageUrl":"-","imageAlt":"Puffy Paradise"},"response":"{\"success\":true,\"code\":9401,\"error\":null,\"data\":1}"}
[2025-04-22 00:01:26] local.INFO: {"request":{"providerCode":"YGR","providerName":"YGR","gameCode":"051","gameName":"100x Lions 7","position":46,"type":"slot","rtp":"97","imageUrl":"-","imageAlt":"100x Lions 7"},"response":"{\"success\":true,\"code\":9401,\"error\":null,\"data\":1}"}
[2025-04-22 00:01:26] local.INFO: {"request":{"providerCode":"YGR","providerName":"YGR","gameCode":"050","gameName":"10x Lions 7","position":47,"type":"slot","rtp":"97","imageUrl":"-","imageAlt":"10x Lions 7"},"response":"{\"success\":true,\"code\":9401,\"error\":null,\"data\":1}"}
[2025-04-22 00:01:26] local.INFO: {"request":{"providerCode":"YGR","providerName":"YGR","gameCode":"049","gameName":"100x Diamond 7","position":48,"type":"slot","rtp":"97","imageUrl":"-","imageAlt":"100x Diamond 7"},"response":"{\"success\":true,\"code\":9401,\"error\":null,\"data\":1}"}
[2025-04-22 00:01:26] local.INFO: {"request":{"providerCode":"YGR","providerName":"YGR","gameCode":"048","gameName":"Bank Robbery","position":49,"type":"slot","rtp":"97","imageUrl":"-","imageAlt":"Bank Robbery"},"response":"{\"success\":true,\"code\":9401,\"error\":null,\"data\":1}"}
[2025-04-22 00:01:27] local.INFO: {"request":{"providerCode":"YGR","providerName":"YGR","gameCode":"045","gameName":"Rich Mahjong 2","position":50,"type":"slot","rtp":"97","imageUrl":"-","imageAlt":"Rich Mahjong 2"},"response":"{\"success\":true,\"code\":9401,\"error\":null,\"data\":1}"}
[2025-04-22 00:01:27] local.INFO: {"request":{"providerCode":"YGR","providerName":"YGR","gameCode":"044","gameName":"Candy Xmas","position":51,"type":"slot","rtp":"97","imageUrl":"-","imageAlt":"Candy Xmas"},"response":"{\"success\":true,\"code\":9401,\"error\":null,\"data\":1}"}
[2025-04-22 00:01:27] local.INFO: {"request":{"providerCode":"YGR","providerName":"YGR","gameCode":"043","gameName":"Lucky Star","position":52,"type":"slot","rtp":"97","imageUrl":"-","imageAlt":"Lucky Star"},"response":"{\"success\":true,\"code\":9401,\"error\":null,\"data\":1}"}
[2025-04-22 00:01:27] local.INFO: {"request":{"providerCode":"YGR","providerName":"YGR","gameCode":"042","gameName":"Cleopatra","position":53,"type":"slot","rtp":"97","imageUrl":"-","imageAlt":"Cleopatra"},"response":"{\"success\":true,\"code\":9401,\"error\":null,\"data\":1}"}
[2025-04-22 00:01:27] local.INFO: {"request":{"providerCode":"YGR","providerName":"YGR","gameCode":"041","gameName":"Money Rush","position":54,"type":"slot","rtp":"97","imageUrl":"-","imageAlt":"Money Rush"},"response":"{\"success\":true,\"code\":9401,\"error\":null,\"data\":1}"}
[2025-04-22 00:01:27] local.INFO: {"request":{"providerCode":"YGR","providerName":"YGR","gameCode":"040","gameName":"Super More Cash II","position":55,"type":"slot","rtp":"97","imageUrl":"-","imageAlt":"Super More Cash II"},"response":"{\"success\":true,\"code\":9401,\"error\":null,\"data\":1}"}
[2025-04-22 00:01:28] local.INFO: {"request":{"providerCode":"YGR","providerName":"YGR","gameCode":"039","gameName":"Sabong","position":56,"type":"slot","rtp":"97","imageUrl":"-","imageAlt":"Sabong"},"response":"{\"success\":true,\"code\":9401,\"error\":null,\"data\":1}"}
[2025-04-22 00:01:28] local.INFO: {"request":{"providerCode":"YGR","providerName":"YGR","gameCode":"038","gameName":"Muay Thai","position":57,"type":"slot","rtp":"97","imageUrl":"-","imageAlt":"Muay Thai"},"response":"{\"success\":true,\"code\":9401,\"error\":null,\"data\":1}"}
[2025-04-22 00:01:28] local.INFO: {"request":{"providerCode":"YGR","providerName":"YGR","gameCode":"036","gameName":"10x Diamond 7","position":58,"type":"slot","rtp":"97","imageUrl":"-","imageAlt":"10x Diamond 7"},"response":"{\"success\":true,\"code\":9401,\"error\":null,\"data\":1}"}
[2025-04-22 00:01:28] local.INFO: {"request":{"providerCode":"YGR","providerName":"YGR","gameCode":"035","gameName":"Fortune God Coming","position":59,"type":"slot","rtp":"97","imageUrl":"-","imageAlt":"Fortune God Coming"},"response":"{\"success\":true,\"code\":9401,\"error\":null,\"data\":1}"}
[2025-04-22 00:01:28] local.INFO: {"request":{"providerCode":"YGR","providerName":"YGR","gameCode":"033","gameName":"Piggy Bank","position":60,"type":"slot","rtp":"97","imageUrl":"-","imageAlt":"Piggy Bank"},"response":"{\"success\":true,\"code\":9401,\"error\":null,\"data\":1}"}
[2025-04-22 00:01:28] local.INFO: {"request":{"providerCode":"YGR","providerName":"YGR","gameCode":"032","gameName":"Piggy Boom","position":61,"type":"slot","rtp":"97","imageUrl":"-","imageAlt":"Piggy Boom"},"response":"{\"success\":true,\"code\":9401,\"error\":null,\"data\":1}"}
[2025-04-22 00:01:29] local.INFO: {"request":{"providerCode":"YGR","providerName":"YGR","gameCode":"031","gameName":"Gold Panda Rush","position":62,"type":"slot","rtp":"97","imageUrl":"-","imageAlt":"Gold Panda Rush"},"response":"{\"success\":true,\"code\":9401,\"error\":null,\"data\":1}"}
[2025-04-22 00:01:29] local.INFO: {"request":{"providerCode":"YGR","providerName":"YGR","gameCode":"029","gameName":"777 More Cash","position":63,"type":"slot","rtp":"97","imageUrl":"-","imageAlt":"777 More Cash"},"response":"{\"success\":true,\"code\":9401,\"error\":null,\"data\":1}"}
[2025-04-22 00:01:29] local.INFO: {"request":{"providerCode":"YGR","providerName":"YGR","gameCode":"028","gameName":"Fortune Lucky 7","position":64,"type":"slot","rtp":"97","imageUrl":"-","imageAlt":"Fortune Lucky 7"},"response":"{\"success\":true,\"code\":9401,\"error\":null,\"data\":1}"}
[2025-04-22 00:01:29] local.INFO: {"request":{"providerCode":"YGR","providerName":"YGR","gameCode":"027","gameName":"Lucky Dragon Ball 7","position":65,"type":"slot","rtp":"97","imageUrl":"-","imageAlt":"Lucky Dragon Ball 7"},"response":"{\"success\":true,\"code\":9401,\"error\":null,\"data\":1}"}
[2025-04-22 00:01:29] local.INFO: {"request":{"providerCode":"YGR","providerName":"YGR","gameCode":"026","gameName":"Rainbow & Clover 7","position":66,"type":"slot","rtp":"97","imageUrl":"-","imageAlt":"Rainbow & Clover 7"},"response":"{\"success\":true,\"code\":9401,\"error\":null,\"data\":1}"}
[2025-04-22 00:01:29] local.INFO: {"request":{"providerCode":"YGR","providerName":"YGR","gameCode":"025","gameName":"Super Fire 7","position":67,"type":"slot","rtp":"97","imageUrl":"-","imageAlt":"Super Fire 7"},"response":"{\"success\":true,\"code\":9401,\"error\":null,\"data\":1}"}
[2025-04-22 00:01:30] local.INFO: {"request":{"providerCode":"YGR","providerName":"YGR","gameCode":"024","gameName":"Lightning Respin 7","position":68,"type":"slot","rtp":"97","imageUrl":"-","imageAlt":"Lightning Respin 7"},"response":"{\"success\":true,\"code\":9401,\"error\":null,\"data\":1}"}
[2025-04-22 00:01:30] local.INFO: {"request":{"providerCode":"YGR","providerName":"YGR","gameCode":"023","gameName":"5X Diamond 7","position":69,"type":"slot","rtp":"97","imageUrl":"-","imageAlt":"5X Diamond 7"},"response":"{\"success\":true,\"code\":9401,\"error\":null,\"data\":1}"}
[2025-04-22 00:01:30] local.INFO: {"request":{"providerCode":"YGR","providerName":"YGR","gameCode":"022","gameName":"Koi Respin 7","position":70,"type":"slot","rtp":"97","imageUrl":"-","imageAlt":"Koi Respin 7"},"response":"{\"success\":true,\"code\":9401,\"error\":null,\"data\":1}"}
[2025-04-22 00:01:30] local.INFO: {"request":{"providerCode":"YGR","providerName":"YGR","gameCode":"021","gameName":"Fortune Lions 7","position":71,"type":"slot","rtp":"97","imageUrl":"-","imageAlt":"Fortune Lions 7"},"response":"{\"success\":true,\"code\":9401,\"error\":null,\"data\":1}"}
[2025-04-22 00:01:30] local.INFO: {"request":{"providerCode":"YGR","providerName":"YGR","gameCode":"016","gameName":"Rich Mahjong","position":72,"type":"slot","rtp":"97","imageUrl":"-","imageAlt":"Rich Mahjong"},"response":"{\"success\":true,\"code\":9401,\"error\":null,\"data\":1}"}
[2025-04-22 00:01:30] local.INFO: {"request":{"providerCode":"YGR","providerName":"YGR","gameCode":"004","gameName":"Fortune Mahjong","position":73,"type":"slot","rtp":"97","imageUrl":"-","imageAlt":"Fortune Mahjong"},"response":"{\"success\":true,\"code\":9401,\"error\":null,\"data\":1}"}
[2025-04-22 00:01:31] local.INFO: {"request":{"providerCode":"YGR","providerName":"YGR","gameCode":"001","gameName":"Long Long Long 2","position":74,"type":"slot","rtp":"97","imageUrl":"-","imageAlt":"Long Long Long 2"},"response":"{\"success\":true,\"code\":9401,\"error\":null,\"data\":1}"}
[2025-04-22 00:02:19] local.INFO: {"request":{"providerCode":"YGR","providerName":"YGR","gameCode":"070","gameName":"Make a Killing Fishing","position":75,"type":"arcade","rtp":"97","imageUrl":"-","imageAlt":"Make a Killing Fishing"},"response":"{\"success\":true,\"code\":9401,\"error\":null,\"data\":1}"}
[2025-04-22 00:02:19] local.INFO: {"request":{"providerCode":"YGR","providerName":"YGR","gameCode":"068","gameName":"Fortune Fishing","position":76,"type":"arcade","rtp":"97","imageUrl":"-","imageAlt":"Fortune Fishing"},"response":"{\"success\":true,\"code\":9401,\"error\":null,\"data\":1}"}
[2025-04-22 00:02:19] local.INFO: {"request":{"providerCode":"YGR","providerName":"YGR","gameCode":"060","gameName":"Captain Fishing","position":77,"type":"arcade","rtp":"97","imageUrl":"-","imageAlt":"Captain Fishing"},"response":"{\"success\":true,\"code\":9401,\"error\":null,\"data\":1}"}
[2025-04-22 00:02:19] local.INFO: {"request":{"providerCode":"YGR","providerName":"YGR","gameCode":"052","gameName":"LongYa Fishing","position":78,"type":"arcade","rtp":"97","imageUrl":"-","imageAlt":"LongYa Fishing"},"response":"{\"success\":true,\"code\":9401,\"error\":null,\"data\":1}"}
[2025-04-22 00:02:19] local.INFO: {"request":{"providerCode":"YGR","providerName":"YGR","gameCode":"030","gameName":"Chill Fishing","position":79,"type":"arcade","rtp":"97","imageUrl":"-","imageAlt":"Chill Fishing"},"response":"{\"success\":true,\"code\":9401,\"error\":null,\"data\":1}"}
[2025-04-22 00:02:19] local.INFO: {"request":{"providerCode":"YGR","providerName":"YGR","gameCode":"020","gameName":"Zuma's Honor","position":80,"type":"arcade","rtp":"97","imageUrl":"-","imageAlt":"Zuma's Honor"},"response":"{\"success\":true,\"code\":9401,\"error\":null,\"data\":1}"}
[2025-04-22 00:02:20] local.INFO: {"request":{"providerCode":"YGR","providerName":"YGR","gameCode":"018","gameName":"Dragon Zuma","position":81,"type":"arcade","rtp":"97","imageUrl":"-","imageAlt":"Dragon Zuma"},"response":"{\"success\":true,\"code\":9401,\"error\":null,\"data\":1}"}
[2025-04-22 00:02:20] local.INFO: {"request":{"providerCode":"YGR","providerName":"YGR","gameCode":"017","gameName":"Insect Master","position":82,"type":"arcade","rtp":"97","imageUrl":"-","imageAlt":"Insect Master"},"response":"{\"success\":true,\"code\":9401,\"error\":null,\"data\":1}"}
[2025-04-22 00:02:20] local.INFO: {"request":{"providerCode":"YGR","providerName":"YGR","gameCode":"012","gameName":"Pirates Fishing","position":83,"type":"arcade","rtp":"97","imageUrl":"-","imageAlt":"Pirates Fishing"},"response":"{\"success\":true,\"code\":9401,\"error\":null,\"data\":1}"}
[2025-04-22 00:02:28] local.INFO: {"request":{"providerCode":"YGR","providerName":"YGR","gameCode":"047","gameName":"Pinball Fun","position":84,"type":"arcade","rtp":"97","imageUrl":"-","imageAlt":"Pinball Fun"},"response":"{\"success\":true,\"code\":9401,\"error\":null,\"data\":1}"}
[2025-04-22 00:02:29] local.INFO: {"request":{"providerCode":"YGR","providerName":"YGR","gameCode":"046","gameName":"Scratch & Win","position":85,"type":"arcade","rtp":"0","imageUrl":"-","imageAlt":"Scratch & Win"},"response":"{\"success\":true,\"code\":9401,\"error\":null,\"data\":1}"}
[2025-04-22 00:02:29] local.INFO: {"request":{"providerCode":"YGR","providerName":"YGR","gameCode":"037","gameName":"Rocket Challenge","position":86,"type":"arcade","rtp":"97","imageUrl":"-","imageAlt":"Rocket Challenge"},"response":"{\"success\":true,\"code\":9401,\"error\":null,\"data\":1}"}
